<?xml version="1.0" encoding="UTF-8"?>
<testng-results ignored="0" total="5" passed="5" failed="0" skipped="0">
  <reporter-output>
  </reporter-output>
  <suite started-at="2022-08-13T14:01:36Z" name="Default suite" finished-at="2022-08-13T14:02:12Z" duration-ms="36302">
    <groups>
    </groups>
    <test started-at="2022-08-13T14:01:36Z" name="Default test" finished-at="2022-08-13T14:02:12Z" duration-ms="36302">
      <class name="qaautomation.Tugas4_juli.SaucedemoTest">
        <test-method is-config="true" signature="openUrl()[pri:0, instance:qaautomation.Tugas4_juli.SaucedemoTest@22356acd]" started-at="2022-08-13T14:01:36Z" name="openUrl" finished-at="2022-08-13T14:01:40Z" duration-ms="4186" status="PASS">
          <reporter-output>
          </reporter-output>
        </test-method> <!-- openUrl -->
        <test-method signature="FinishOrder()[pri:0, instance:qaautomation.Tugas4_juli.SaucedemoTest@22356acd]" started-at="2022-08-13T14:01:40Z" name="FinishOrder" finished-at="2022-08-13T14:01:46Z" duration-ms="6025" status="PASS">
          <reporter-output>
          </reporter-output>
        </test-method> <!-- FinishOrder -->
        <test-method is-config="true" signature="close()[pri:0, instance:qaautomation.Tugas4_juli.SaucedemoTest@22356acd]" started-at="2022-08-13T14:01:46Z" name="close" finished-at="2022-08-13T14:01:47Z" duration-ms="425" status="PASS">
          <reporter-output>
          </reporter-output>
        </test-method> <!-- close -->
        <test-method is-config="true" signature="openUrl()[pri:0, instance:qaautomation.Tugas4_juli.SaucedemoTest@22356acd]" started-at="2022-08-13T14:01:47Z" name="openUrl" finished-at="2022-08-13T14:01:49Z" duration-ms="2479" status="PASS">
          <reporter-output>
          </reporter-output>
        </test-method> <!-- openUrl -->
        <test-method signature="Login()[pri:0, instance:qaautomation.Tugas4_juli.SaucedemoTest@22356acd]" started-at="2022-08-13T14:01:49Z" name="Login" finished-at="2022-08-13T14:01:53Z" duration-ms="3610" status="PASS">
          <reporter-output>
          </reporter-output>
        </test-method> <!-- Login -->
        <test-method is-config="true" signature="close()[pri:0, instance:qaautomation.Tugas4_juli.SaucedemoTest@22356acd]" started-at="2022-08-13T14:01:53Z" name="close" finished-at="2022-08-13T14:01:53Z" duration-ms="319" status="PASS">
          <reporter-output>
          </reporter-output>
        </test-method> <!-- close -->
        <test-method is-config="true" signature="openUrl()[pri:0, instance:qaautomation.Tugas4_juli.SaucedemoTest@22356acd]" started-at="2022-08-13T14:01:53Z" name="openUrl" finished-at="2022-08-13T14:01:56Z" duration-ms="2279" status="PASS">
          <reporter-output>
          </reporter-output>
        </test-method> <!-- openUrl -->
        <test-method signature="LoginFailed()[pri:0, instance:qaautomation.Tugas4_juli.SaucedemoTest@22356acd]" started-at="2022-08-13T14:01:56Z" name="LoginFailed" finished-at="2022-08-13T14:01:59Z" duration-ms="3403" status="PASS">
          <reporter-output>
          </reporter-output>
        </test-method> <!-- LoginFailed -->
        <test-method is-config="true" signature="close()[pri:0, instance:qaautomation.Tugas4_juli.SaucedemoTest@22356acd]" started-at="2022-08-13T14:01:59Z" name="close" finished-at="2022-08-13T14:01:59Z" duration-ms="359" status="PASS">
          <reporter-output>
          </reporter-output>
        </test-method> <!-- close -->
        <test-method is-config="true" signature="openUrl()[pri:0, instance:qaautomation.Tugas4_juli.SaucedemoTest@22356acd]" started-at="2022-08-13T14:01:59Z" name="openUrl" finished-at="2022-08-13T14:02:02Z" duration-ms="2430" status="PASS">
          <reporter-output>
          </reporter-output>
        </test-method> <!-- openUrl -->
        <test-method signature="LoginFailedPasswordNull()[pri:0, instance:qaautomation.Tugas4_juli.SaucedemoTest@22356acd]" started-at="2022-08-13T14:02:02Z" name="LoginFailedPasswordNull" finished-at="2022-08-13T14:02:05Z" duration-ms="3428" status="PASS">
          <reporter-output>
          </reporter-output>
        </test-method> <!-- LoginFailedPasswordNull -->
        <test-method is-config="true" signature="close()[pri:0, instance:qaautomation.Tugas4_juli.SaucedemoTest@22356acd]" started-at="2022-08-13T14:02:05Z" name="close" finished-at="2022-08-13T14:02:06Z" duration-ms="549" status="PASS">
          <reporter-output>
          </reporter-output>
        </test-method> <!-- close -->
        <test-method is-config="true" signature="openUrl()[pri:0, instance:qaautomation.Tugas4_juli.SaucedemoTest@22356acd]" started-at="2022-08-13T14:02:06Z" name="openUrl" finished-at="2022-08-13T14:02:09Z" duration-ms="2704" status="PASS">
          <reporter-output>
          </reporter-output>
        </test-method> <!-- openUrl -->
        <test-method signature="LoginFailedUsernameNull()[pri:0, instance:qaautomation.Tugas4_juli.SaucedemoTest@22356acd]" started-at="2022-08-13T14:02:09Z" name="LoginFailedUsernameNull" finished-at="2022-08-13T14:02:12Z" duration-ms="3388" status="PASS">
          <reporter-output>
          </reporter-output>
        </test-method> <!-- LoginFailedUsernameNull -->
        <test-method is-config="true" signature="close()[pri:0, instance:qaautomation.Tugas4_juli.SaucedemoTest@22356acd]" started-at="2022-08-13T14:02:12Z" name="close" finished-at="2022-08-13T14:02:12Z" duration-ms="312" status="PASS">
          <reporter-output>
          </reporter-output>
        </test-method> <!-- close -->
      </class> <!-- qaautomation.Tugas4_juli.SaucedemoTest -->
    </test> <!-- Default test -->
  </suite> <!-- Default suite -->
</testng-results>
