<?xml version="1.0" encoding="UTF-8"?>
<testng-results ignored="0" total="5" passed="5" failed="0" skipped="0">
  <reporter-output>
  </reporter-output>
  <suite started-at="2022-08-12T07:18:35Z" name="Default suite" finished-at="2022-08-12T07:19:32Z" duration-ms="57081">
    <groups>
    </groups>
    <test started-at="2022-08-12T07:18:35Z" name="Default test" finished-at="2022-08-12T07:19:32Z" duration-ms="57081">
      <class name="qaautomation.Tugas4_juli.SaucedemoTest">
        <test-method is-config="true" signature="openUrl()[pri:0, instance:qaautomation.Tugas4_juli.SaucedemoTest@22356acd]" started-at="2022-08-12T07:18:35Z" name="openUrl" finished-at="2022-08-12T07:18:45Z" duration-ms="9601" status="PASS">
          <reporter-output>
          </reporter-output>
        </test-method> <!-- openUrl -->
        <test-method signature="FinishOrder()[pri:0, instance:qaautomation.Tugas4_juli.SaucedemoTest@22356acd]" started-at="2022-08-12T07:18:45Z" name="FinishOrder" finished-at="2022-08-12T07:18:52Z" duration-ms="7068" status="PASS">
          <reporter-output>
          </reporter-output>
        </test-method> <!-- FinishOrder -->
        <test-method is-config="true" signature="close()[pri:0, instance:qaautomation.Tugas4_juli.SaucedemoTest@22356acd]" started-at="2022-08-12T07:18:52Z" name="close" finished-at="2022-08-12T07:18:53Z" duration-ms="537" status="PASS">
          <reporter-output>
          </reporter-output>
        </test-method> <!-- close -->
        <test-method is-config="true" signature="openUrl()[pri:0, instance:qaautomation.Tugas4_juli.SaucedemoTest@22356acd]" started-at="2022-08-12T07:18:53Z" name="openUrl" finished-at="2022-08-12T07:18:58Z" duration-ms="4629" status="PASS">
          <reporter-output>
          </reporter-output>
        </test-method> <!-- openUrl -->
        <test-method signature="Login()[pri:0, instance:qaautomation.Tugas4_juli.SaucedemoTest@22356acd]" started-at="2022-08-12T07:18:58Z" name="Login" finished-at="2022-08-12T07:19:01Z" duration-ms="3837" status="PASS">
          <reporter-output>
          </reporter-output>
        </test-method> <!-- Login -->
        <test-method is-config="true" signature="close()[pri:0, instance:qaautomation.Tugas4_juli.SaucedemoTest@22356acd]" started-at="2022-08-12T07:19:02Z" name="close" finished-at="2022-08-12T07:19:04Z" duration-ms="2149" status="PASS">
          <reporter-output>
          </reporter-output>
        </test-method> <!-- close -->
        <test-method is-config="true" signature="openUrl()[pri:0, instance:qaautomation.Tugas4_juli.SaucedemoTest@22356acd]" started-at="2022-08-12T07:19:04Z" name="openUrl" finished-at="2022-08-12T07:19:11Z" duration-ms="7814" status="PASS">
          <reporter-output>
          </reporter-output>
        </test-method> <!-- openUrl -->
        <test-method signature="LoginFailed()[pri:0, instance:qaautomation.Tugas4_juli.SaucedemoTest@22356acd]" started-at="2022-08-12T07:19:11Z" name="LoginFailed" finished-at="2022-08-12T07:19:16Z" duration-ms="4095" status="PASS">
          <reporter-output>
          </reporter-output>
        </test-method> <!-- LoginFailed -->
        <test-method is-config="true" signature="close()[pri:0, instance:qaautomation.Tugas4_juli.SaucedemoTest@22356acd]" started-at="2022-08-12T07:19:16Z" name="close" finished-at="2022-08-12T07:19:16Z" duration-ms="545" status="PASS">
          <reporter-output>
          </reporter-output>
        </test-method> <!-- close -->
        <test-method is-config="true" signature="openUrl()[pri:0, instance:qaautomation.Tugas4_juli.SaucedemoTest@22356acd]" started-at="2022-08-12T07:19:16Z" name="openUrl" finished-at="2022-08-12T07:19:20Z" duration-ms="3802" status="PASS">
          <reporter-output>
          </reporter-output>
        </test-method> <!-- openUrl -->
        <test-method signature="LoginFailedPasswordNull()[pri:0, instance:qaautomation.Tugas4_juli.SaucedemoTest@22356acd]" started-at="2022-08-12T07:19:20Z" name="LoginFailedPasswordNull" finished-at="2022-08-12T07:19:24Z" duration-ms="3693" status="PASS">
          <reporter-output>
          </reporter-output>
        </test-method> <!-- LoginFailedPasswordNull -->
        <test-method is-config="true" signature="close()[pri:0, instance:qaautomation.Tugas4_juli.SaucedemoTest@22356acd]" started-at="2022-08-12T07:19:24Z" name="close" finished-at="2022-08-12T07:19:24Z" duration-ms="503" status="PASS">
          <reporter-output>
          </reporter-output>
        </test-method> <!-- close -->
        <test-method is-config="true" signature="openUrl()[pri:0, instance:qaautomation.Tugas4_juli.SaucedemoTest@22356acd]" started-at="2022-08-12T07:19:24Z" name="openUrl" finished-at="2022-08-12T07:19:28Z" duration-ms="3783" status="PASS">
          <reporter-output>
          </reporter-output>
        </test-method> <!-- openUrl -->
        <test-method signature="LoginFailedUsernameNull()[pri:0, instance:qaautomation.Tugas4_juli.SaucedemoTest@22356acd]" started-at="2022-08-12T07:19:28Z" name="LoginFailedUsernameNull" finished-at="2022-08-12T07:19:32Z" duration-ms="3706" status="PASS">
          <reporter-output>
          </reporter-output>
        </test-method> <!-- LoginFailedUsernameNull -->
        <test-method is-config="true" signature="close()[pri:0, instance:qaautomation.Tugas4_juli.SaucedemoTest@22356acd]" started-at="2022-08-12T07:19:32Z" name="close" finished-at="2022-08-12T07:19:32Z" duration-ms="513" status="PASS">
          <reporter-output>
          </reporter-output>
        </test-method> <!-- close -->
      </class> <!-- qaautomation.Tugas4_juli.SaucedemoTest -->
    </test> <!-- Default test -->
  </suite> <!-- Default suite -->
</testng-results>
