<?xml version="1.0" encoding="UTF-8"?>
<!-- Generated by org.testng.reporters.JUnitXMLReporter -->
<testsuite ignored="0" hostname="DESKTOP-MQ57DD3" failures="0" tests="5" name="Default test" time="57.081" errors="0" timestamp="12 Aug 2022 07:19:32 GMT">
  <testcase classname="qaautomation.Tugas4_juli.SaucedemoTest" name="FinishOrder" time="7.068"/>
  <testcase classname="qaautomation.Tugas4_juli.SaucedemoTest" name="Login" time="3.837"/>
  <testcase classname="qaautomation.Tugas4_juli.SaucedemoTest" name="LoginFailed" time="4.095"/>
  <testcase classname="qaautomation.Tugas4_juli.SaucedemoTest" name="LoginFailedPasswordNull" time="3.693"/>
  <testcase classname="qaautomation.Tugas4_juli.SaucedemoTest" name="LoginFailedUsernameNull" time="3.706"/>
</testsuite> <!-- Default test -->
