<?xml version="1.0" encoding="UTF-8"?>
<!-- Generated by org.testng.reporters.JUnitXMLReporter -->
<testsuite ignored="0" hostname="DESKTOP-MQ57DD3" failures="0" tests="5" name="Default test" time="36.302" errors="0" timestamp="13 Aug 2022 14:02:12 GMT">
  <testcase classname="qaautomation.Tugas4_juli.SaucedemoTest" name="FinishOrder" time="6.025"/>
  <testcase classname="qaautomation.Tugas4_juli.SaucedemoTest" name="Login" time="3.61"/>
  <testcase classname="qaautomation.Tugas4_juli.SaucedemoTest" name="LoginFailed" time="3.403"/>
  <testcase classname="qaautomation.Tugas4_juli.SaucedemoTest" name="LoginFailedPasswordNull" time="3.428"/>
  <testcase classname="qaautomation.Tugas4_juli.SaucedemoTest" name="LoginFailedUsernameNull" time="3.388"/>
</testsuite> <!-- Default test -->
