<?xml version="1.0" encoding="UTF-8"?>
<testng-results ignored="0" total="1" passed="1" failed="0" skipped="0">
  <reporter-output>
  </reporter-output>
  <suite started-at="2022-08-12T06:53:27Z" name="Default suite" finished-at="2022-08-12T06:53:46Z" duration-ms="19175">
    <groups>
    </groups>
    <test started-at="2022-08-12T06:53:27Z" name="Default test" finished-at="2022-08-12T06:53:46Z" duration-ms="19175">
      <class name="qaautomation.Tugas3_juli.YopmailTest">
        <test-method is-config="true" signature="openUrl()[pri:0, instance:qaautomation.Tugas3_juli.YopmailTest@63787180]" started-at="2022-08-12T06:53:27Z" name="openUrl" finished-at="2022-08-12T06:53:41Z" duration-ms="14043" status="PASS">
          <reporter-output>
          </reporter-output>
        </test-method> <!-- openUrl -->
        <test-method signature="OpenMail()[pri:0, instance:qaautomation.Tugas3_juli.YopmailTest@63787180]" started-at="2022-08-12T06:53:42Z" name="OpenMail" finished-at="2022-08-12T06:53:45Z" duration-ms="3570" status="PASS">
          <reporter-output>
          </reporter-output>
        </test-method> <!-- OpenMail -->
        <test-method is-config="true" signature="close()[pri:0, instance:qaautomation.Tugas3_juli.YopmailTest@63787180]" started-at="2022-08-12T06:53:45Z" name="close" finished-at="2022-08-12T06:53:46Z" duration-ms="937" status="PASS">
          <reporter-output>
          </reporter-output>
        </test-method> <!-- close -->
      </class> <!-- qaautomation.Tugas3_juli.YopmailTest -->
    </test> <!-- Default test -->
  </suite> <!-- Default suite -->
</testng-results>
