<?xml version="1.0" encoding="UTF-8"?>
<testng-results ignored="0" total="1" passed="1" failed="0" skipped="0">
  <reporter-output>
  </reporter-output>
  <suite started-at="2022-08-12T14:00:15 WIB" name="Default suite" finished-at="2022-08-12T14:00:16 WIB" duration-ms="553">
    <groups>
    </groups>
    <test started-at="2022-08-12T14:00:15 WIB" name="Default test" finished-at="2022-08-12T14:00:16 WIB" duration-ms="553">
      <class name="qaautomation.Tugas5_juli.AppTest">
        <test-method signature="shouldAnswerWithTrue()[pri:0, instance:qaautomation.Tugas5_juli.AppTest@4b29d1d2]" started-at="2022-08-12T14:00:15 WIB" name="shouldAnswerWithTrue" finished-at="2022-08-12T14:00:15 WIB" duration-ms="214" status="PASS">
          <reporter-output>
          </reporter-output>
        </test-method> <!-- shouldAnswerWithTrue -->
      </class> <!-- qaautomation.Tugas5_juli.AppTest -->
    </test> <!-- Default test -->
  </suite> <!-- Default suite -->
</testng-results>
